mode: set
github.ibm.com/open-razee/s3mem-go/s3mem/copy_object_request.go:28.84,29.18 1 1
github.ibm.com/open-razee/s3mem-go/s3mem/copy_object_request.go:32.2,39.68 4 1
github.ibm.com/open-razee/s3mem-go/s3mem/copy_object_request.go:29.18,31.3 1 0
github.ibm.com/open-razee/s3mem-go/s3mem/copy_object_request.go:42.35,43.61 1 1
github.ibm.com/open-razee/s3mem-go/s3mem/copy_object_request.go:47.2,49.16 3 1
github.ibm.com/open-razee/s3mem-go/s3mem/copy_object_request.go:52.2,53.16 2 1
github.ibm.com/open-razee/s3mem-go/s3mem/copy_object_request.go:56.2,64.65 5 1
github.ibm.com/open-razee/s3mem-go/s3mem/copy_object_request.go:43.61,46.3 2 0
github.ibm.com/open-razee/s3mem-go/s3mem/copy_object_request.go:49.16,51.3 1 0
github.ibm.com/open-razee/s3mem-go/s3mem/copy_object_request.go:53.16,55.3 1 0
github.ibm.com/open-razee/s3mem-go/s3mem/delete_objects_request.go:28.93,29.18 1 1
github.ibm.com/open-razee/s3mem-go/s3mem/delete_objects_request.go:32.2,42.60 4 1
github.ibm.com/open-razee/s3mem-go/s3mem/delete_objects_request.go:29.18,31.3 1 0
github.ibm.com/open-razee/s3mem-go/s3mem/delete_objects_request.go:45.38,46.64 1 1
github.ibm.com/open-razee/s3mem-go/s3mem/delete_objects_request.go:50.2,50.73 1 1
github.ibm.com/open-razee/s3mem-go/s3mem/delete_objects_request.go:63.2,64.65 2 1
github.ibm.com/open-razee/s3mem-go/s3mem/delete_objects_request.go:46.64,49.3 2 1
github.ibm.com/open-razee/s3mem-go/s3mem/delete_objects_request.go:50.73,52.17 2 1
github.ibm.com/open-razee/s3mem-go/s3mem/delete_objects_request.go:55.3,60.5 1 1
github.ibm.com/open-razee/s3mem-go/s3mem/delete_objects_request.go:52.17,54.4 1 0
github.ibm.com/open-razee/s3mem-go/s3mem/list_buckets_request.go:27.87,28.18 1 1
github.ibm.com/open-razee/s3mem-go/s3mem/list_buckets_request.go:31.2,38.86 4 1
github.ibm.com/open-razee/s3mem-go/s3mem/list_buckets_request.go:28.18,30.3 1 0
github.ibm.com/open-razee/s3mem-go/s3mem/list_buckets_request.go:41.36,42.22 1 1
github.ibm.com/open-razee/s3mem-go/s3mem/list_buckets_request.go:45.2,47.38 3 1
github.ibm.com/open-razee/s3mem-go/s3mem/list_buckets_request.go:50.2,51.25 2 1
github.ibm.com/open-razee/s3mem-go/s3mem/list_buckets_request.go:55.2,56.65 2 1
github.ibm.com/open-razee/s3mem-go/s3mem/list_buckets_request.go:42.22,44.3 1 0
github.ibm.com/open-razee/s3mem-go/s3mem/list_buckets_request.go:47.38,49.3 1 1
github.ibm.com/open-razee/s3mem-go/s3mem/list_buckets_request.go:51.25,53.3 1 1
github.ibm.com/open-razee/s3mem-go/s3mem/put_object_request.go:27.81,28.18 1 1
github.ibm.com/open-razee/s3mem-go/s3mem/put_object_request.go:31.2,38.56 4 1
github.ibm.com/open-razee/s3mem-go/s3mem/put_object_request.go:28.18,30.3 1 0
github.ibm.com/open-razee/s3mem-go/s3mem/put_object_request.go:41.34,42.60 1 1
github.ibm.com/open-razee/s3mem-go/s3mem/put_object_request.go:46.2,47.16 2 1
github.ibm.com/open-razee/s3mem-go/s3mem/put_object_request.go:51.2,52.65 2 1
github.ibm.com/open-razee/s3mem-go/s3mem/put_object_request.go:42.60,45.3 2 0
github.ibm.com/open-razee/s3mem-go/s3mem/put_object_request.go:47.16,49.3 1 0
github.ibm.com/open-razee/s3mem-go/s3mem/client_logger.go:40.55,42.2 1 0
github.ibm.com/open-razee/s3mem-go/s3mem/client_logger.go:52.46,54.2 1 0
github.ibm.com/open-razee/s3mem-go/s3mem/client_logger.go:56.33,59.16 3 1
github.ibm.com/open-razee/s3mem-go/s3mem/client_logger.go:64.2,65.16 2 1
github.ibm.com/open-razee/s3mem-go/s3mem/client_logger.go:69.2,70.57 2 1
github.ibm.com/open-razee/s3mem-go/s3mem/client_logger.go:74.2,74.13 1 1
github.ibm.com/open-razee/s3mem-go/s3mem/client_logger.go:59.16,62.3 2 0
github.ibm.com/open-razee/s3mem-go/s3mem/client_logger.go:65.16,68.3 2 0
github.ibm.com/open-razee/s3mem-go/s3mem/client_logger.go:70.57,72.3 1 1
github.ibm.com/open-razee/s3mem-go/s3mem/client_logger.go:74.13,79.3 1 1
github.ibm.com/open-razee/s3mem-go/s3mem/client_logger.go:93.34,94.19 1 1
github.ibm.com/open-razee/s3mem-go/s3mem/client_logger.go:100.2,100.38 1 1
github.ibm.com/open-razee/s3mem-go/s3mem/client_logger.go:117.2,124.4 3 1
github.ibm.com/open-razee/s3mem-go/s3mem/client_logger.go:94.19,98.3 2 0
github.ibm.com/open-razee/s3mem-go/s3mem/client_logger.go:100.38,102.17 2 1
github.ibm.com/open-razee/s3mem-go/s3mem/client_logger.go:106.3,107.17 2 1
github.ibm.com/open-razee/s3mem-go/s3mem/client_logger.go:111.3,112.60 2 1
github.ibm.com/open-razee/s3mem-go/s3mem/client_logger.go:102.17,105.4 2 0
github.ibm.com/open-razee/s3mem-go/s3mem/client_logger.go:107.17,110.4 2 0
github.ibm.com/open-razee/s3mem-go/s3mem/client_logger.go:112.60,114.4 1 1
github.ibm.com/open-razee/s3mem-go/s3mem/handlers.go:22.35,23.2 0 0
github.ibm.com/open-razee/s3mem-go/s3mem/handlers.go:25.31,26.26 1 0
github.ibm.com/open-razee/s3mem-go/s3mem/handlers.go:27.29,27.29 0 0
github.ibm.com/open-razee/s3mem-go/s3mem/handlers.go:31.27,32.25 1 1
github.ibm.com/open-razee/s3mem-go/s3mem/handlers.go:33.27,34.16 1 1
github.ibm.com/open-razee/s3mem-go/s3mem/handlers.go:35.29,36.18 1 1
github.ibm.com/open-razee/s3mem-go/s3mem/handlers.go:37.29,38.18 1 1
github.ibm.com/open-razee/s3mem-go/s3mem/handlers.go:39.29,40.18 1 1
github.ibm.com/open-razee/s3mem-go/s3mem/handlers.go:41.30,42.19 1 1
github.ibm.com/open-razee/s3mem-go/s3mem/handlers.go:43.36,44.25 1 1
github.ibm.com/open-razee/s3mem-go/s3mem/handlers.go:45.26,46.15 1 1
github.ibm.com/open-razee/s3mem-go/s3mem/handlers.go:47.28,48.17 1 1
github.ibm.com/open-razee/s3mem-go/s3mem/handlers.go:49.28,50.17 1 1
github.ibm.com/open-razee/s3mem-go/s3mem/handlers.go:51.36,52.25 1 1
github.ibm.com/open-razee/s3mem-go/s3mem/handlers.go:53.26,54.15 1 1
github.ibm.com/open-razee/s3mem-go/s3mem/s3mem.go:30.13,37.2 3 1
github.ibm.com/open-razee/s3mem-go/s3mem/s3mem.go:39.48,45.2 3 1
github.ibm.com/open-razee/s3mem-go/s3mem/s3mem.go:48.114,51.2 2 1
github.ibm.com/open-razee/s3mem-go/s3mem/s3mem.go:54.123,57.2 2 1
github.ibm.com/open-razee/s3mem-go/s3mem/s3mem.go:60.117,63.2 2 1
github.ibm.com/open-razee/s3mem-go/s3mem/s3mem.go:66.156,69.2 2 1
github.ibm.com/open-razee/s3mem-go/s3mem/s3mem.go:72.102,75.2 2 1
github.ibm.com/open-razee/s3mem-go/s3mem/s3mem.go:78.120,81.2 2 1
github.ibm.com/open-razee/s3mem-go/s3mem/s3mem.go:84.156,87.2 2 1
github.ibm.com/open-razee/s3mem-go/s3mem/s3mem.go:90.117,93.2 2 1
github.ibm.com/open-razee/s3mem-go/s3mem/s3mem.go:96.150,99.2 2 1
github.ibm.com/open-razee/s3mem-go/s3mem/s3mem.go:102.108,105.2 2 1
github.ibm.com/open-razee/s3mem-go/s3mem/s3mem.go:108.123,111.2 2 1
github.ibm.com/open-razee/s3mem-go/s3mem/s3mem.go:114.111,117.2 2 1
github.ibm.com/open-razee/s3mem-go/s3mem/s3mem.go:120.111,123.2 2 1
github.ibm.com/open-razee/s3mem-go/s3mem/s3mem.go:126.111,129.2 2 1
github.ibm.com/open-razee/s3mem-go/s3mem/s3mem.go:132.123,135.2 2 1
github.ibm.com/open-razee/s3mem-go/s3mem/s3mem.go:138.150,141.2 2 1
github.ibm.com/open-razee/s3mem-go/s3mem/s3mem.go:144.90,147.2 2 1
github.ibm.com/open-razee/s3mem-go/s3mem/s3mem.go:150.147,153.2 2 1
github.ibm.com/open-razee/s3mem-go/s3mem/s3mem.go:156.93,159.2 2 1
github.ibm.com/open-razee/s3mem-go/s3mem/s3mem.go:162.111,165.2 2 1
github.ibm.com/open-razee/s3mem-go/s3mem/s3mem.go:168.147,171.2 2 1
github.ibm.com/open-razee/s3mem-go/s3mem/s3mem.go:174.108,177.2 2 1
github.ibm.com/open-razee/s3mem-go/s3mem/s3mem.go:180.147,183.2 2 1
github.ibm.com/open-razee/s3mem-go/s3mem/s3mem.go:186.105,189.2 2 1
github.ibm.com/open-razee/s3mem-go/s3mem/s3mem.go:192.102,195.2 2 1
github.ibm.com/open-razee/s3mem-go/s3mem/s3mem.go:198.141,201.2 2 1
github.ibm.com/open-razee/s3mem-go/s3mem/s3mem.go:204.117,207.2 2 1
github.ibm.com/open-razee/s3mem-go/s3mem/s3mem.go:210.156,213.2 2 1
github.ibm.com/open-razee/s3mem-go/s3mem/s3mem.go:216.99,219.2 2 1
github.ibm.com/open-razee/s3mem-go/s3mem/s3mem.go:222.117,225.2 2 1
github.ibm.com/open-razee/s3mem-go/s3mem/s3mem.go:228.114,231.2 2 1
github.ibm.com/open-razee/s3mem-go/s3mem/s3mem.go:234.123,237.2 2 1
github.ibm.com/open-razee/s3mem-go/s3mem/s3mem.go:240.102,243.2 2 1
github.ibm.com/open-razee/s3mem-go/s3mem/s3mem.go:246.102,249.2 2 1
github.ibm.com/open-razee/s3mem-go/s3mem/s3mem.go:252.90,255.2 2 1
github.ibm.com/open-razee/s3mem-go/s3mem/s3mem.go:258.108,261.2 2 1
github.ibm.com/open-razee/s3mem-go/s3mem/s3mem.go:264.132,267.2 2 1
github.ibm.com/open-razee/s3mem-go/s3mem/s3mem.go:270.108,273.2 2 1
github.ibm.com/open-razee/s3mem-go/s3mem/s3mem.go:276.102,279.2 2 1
github.ibm.com/open-razee/s3mem-go/s3mem/s3mem.go:282.102,285.2 2 1
github.ibm.com/open-razee/s3mem-go/s3mem/s3mem.go:288.114,291.2 2 1
github.ibm.com/open-razee/s3mem-go/s3mem/s3mem.go:294.84,297.2 2 1
github.ibm.com/open-razee/s3mem-go/s3mem/s3mem.go:300.84,303.2 2 1
github.ibm.com/open-razee/s3mem-go/s3mem/s3mem.go:306.153,309.2 2 1
github.ibm.com/open-razee/s3mem-go/s3mem/s3mem.go:312.153,315.2 2 1
github.ibm.com/open-razee/s3mem-go/s3mem/s3mem.go:318.147,321.2 2 1
github.ibm.com/open-razee/s3mem-go/s3mem/s3mem.go:324.114,327.2 2 1
github.ibm.com/open-razee/s3mem-go/s3mem/s3mem.go:330.108,333.2 2 1
github.ibm.com/open-razee/s3mem-go/s3mem/s3mem.go:336.93,339.2 2 1
github.ibm.com/open-razee/s3mem-go/s3mem/s3mem.go:342.81,345.2 2 1
github.ibm.com/open-razee/s3mem-go/s3mem/s3mem.go:348.150,351.2 2 1
github.ibm.com/open-razee/s3mem-go/s3mem/s3mem.go:354.90,357.2 2 1
github.ibm.com/open-razee/s3mem-go/s3mem/s3mem.go:360.147,363.2 2 1
github.ibm.com/open-razee/s3mem-go/s3mem/s3mem.go:366.93,369.2 2 1
github.ibm.com/open-razee/s3mem-go/s3mem/s3mem.go:372.111,375.2 2 1
github.ibm.com/open-razee/s3mem-go/s3mem/s3mem.go:378.147,381.2 2 1
github.ibm.com/open-razee/s3mem-go/s3mem/s3mem.go:384.108,387.2 2 1
github.ibm.com/open-razee/s3mem-go/s3mem/s3mem.go:390.147,393.2 2 1
github.ibm.com/open-razee/s3mem-go/s3mem/s3mem.go:396.102,399.2 2 1
github.ibm.com/open-razee/s3mem-go/s3mem/s3mem.go:402.141,405.2 2 1
github.ibm.com/open-razee/s3mem-go/s3mem/s3mem.go:408.117,411.2 2 1
github.ibm.com/open-razee/s3mem-go/s3mem/s3mem.go:414.156,417.2 2 1
github.ibm.com/open-razee/s3mem-go/s3mem/s3mem.go:420.99,423.2 2 1
github.ibm.com/open-razee/s3mem-go/s3mem/s3mem.go:426.114,429.2 2 1
github.ibm.com/open-razee/s3mem-go/s3mem/s3mem.go:432.123,435.2 2 1
github.ibm.com/open-razee/s3mem-go/s3mem/s3mem.go:438.102,441.2 2 1
github.ibm.com/open-razee/s3mem-go/s3mem/s3mem.go:444.102,447.2 2 1
github.ibm.com/open-razee/s3mem-go/s3mem/s3mem.go:450.90,453.2 2 1
github.ibm.com/open-razee/s3mem-go/s3mem/s3mem.go:456.108,459.2 2 1
github.ibm.com/open-razee/s3mem-go/s3mem/s3mem.go:462.132,465.2 2 1
github.ibm.com/open-razee/s3mem-go/s3mem/s3mem.go:468.108,471.2 2 1
github.ibm.com/open-razee/s3mem-go/s3mem/s3mem.go:474.102,477.2 2 1
github.ibm.com/open-razee/s3mem-go/s3mem/s3mem.go:480.114,483.2 2 1
github.ibm.com/open-razee/s3mem-go/s3mem/s3mem.go:486.93,489.2 2 1
github.ibm.com/open-razee/s3mem-go/s3mem/s3mem.go:492.84,495.2 2 1
github.ibm.com/open-razee/s3mem-go/s3mem/s3mem.go:498.96,501.2 2 1
github.ibm.com/open-razee/s3mem-go/s3mem/s3mem.go:504.105,506.2 1 1
github.ibm.com/open-razee/s3mem-go/s3mem/s3mem.go:509.108,511.2 1 1
github.ibm.com/open-razee/s3mem-go/s3mem/s3mem.go:514.105,516.2 1 1
github.ibm.com/open-razee/s3mem-go/s3mem/s3mem.go:519.108,521.2 1 1
github.ibm.com/open-razee/s3mem-go/s3mem/get_object_request.go:27.81,28.18 1 1
github.ibm.com/open-razee/s3mem-go/s3mem/get_object_request.go:31.2,38.56 4 1
github.ibm.com/open-razee/s3mem-go/s3mem/get_object_request.go:28.18,30.3 1 0
github.ibm.com/open-razee/s3mem-go/s3mem/get_object_request.go:41.34,42.60 1 1
github.ibm.com/open-razee/s3mem-go/s3mem/get_object_request.go:45.2,46.16 2 1
github.ibm.com/open-razee/s3mem-go/s3mem/get_object_request.go:50.2,50.16 1 1
github.ibm.com/open-razee/s3mem-go/s3mem/get_object_request.go:54.2,58.65 4 1
github.ibm.com/open-razee/s3mem-go/s3mem/get_object_request.go:42.60,44.3 1 0
github.ibm.com/open-razee/s3mem-go/s3mem/get_object_request.go:46.16,49.3 2 0
github.ibm.com/open-razee/s3mem-go/s3mem/get_object_request.go:50.16,53.3 2 0
github.ibm.com/open-razee/s3mem-go/s3mem/list_objects_request.go:29.87,30.18 1 1
github.ibm.com/open-razee/s3mem-go/s3mem/list_objects_request.go:33.2,46.86 4 1
github.ibm.com/open-razee/s3mem-go/s3mem/list_objects_request.go:30.18,32.3 1 0
github.ibm.com/open-razee/s3mem-go/s3mem/list_objects_request.go:49.36,50.62 1 1
github.ibm.com/open-razee/s3mem-go/s3mem/list_objects_request.go:54.2,58.55 5 1
github.ibm.com/open-razee/s3mem-go/s3mem/list_objects_request.go:61.2,62.25 2 1
github.ibm.com/open-razee/s3mem-go/s3mem/list_objects_request.go:73.2,74.65 2 1
github.ibm.com/open-razee/s3mem-go/s3mem/list_objects_request.go:50.62,53.3 2 0
github.ibm.com/open-razee/s3mem-go/s3mem/list_objects_request.go:58.55,60.3 1 1
github.ibm.com/open-razee/s3mem-go/s3mem/list_objects_request.go:62.25,64.20 2 1
github.ibm.com/open-razee/s3mem-go/s3mem/list_objects_request.go:64.20,65.71 1 1
github.ibm.com/open-razee/s3mem-go/s3mem/list_objects_request.go:65.71,67.5 1 1
github.ibm.com/open-razee/s3mem-go/s3mem/list_objects_request.go:68.9,70.4 1 1
github.ibm.com/open-razee/s3mem-go/s3mem/put_bucket_versioning_request.go:27.111,28.18 1 1
github.ibm.com/open-razee/s3mem-go/s3mem/put_bucket_versioning_request.go:31.2,38.66 4 1
github.ibm.com/open-razee/s3mem-go/s3mem/put_bucket_versioning_request.go:28.18,30.3 1 0
github.ibm.com/open-razee/s3mem-go/s3mem/put_bucket_versioning_request.go:41.57,42.2 0 0
github.ibm.com/open-razee/s3mem-go/s3mem/put_bucket_versioning_request.go:44.44,45.70 1 1
github.ibm.com/open-razee/s3mem-go/s3mem/put_bucket_versioning_request.go:49.2,50.16 2 1
github.ibm.com/open-razee/s3mem-go/s3mem/put_bucket_versioning_request.go:54.2,55.65 2 1
github.ibm.com/open-razee/s3mem-go/s3mem/put_bucket_versioning_request.go:45.70,48.3 2 0
github.ibm.com/open-razee/s3mem-go/s3mem/put_bucket_versioning_request.go:50.16,52.3 1 0
github.ibm.com/open-razee/s3mem-go/s3mem/delete_object_request.go:27.90,28.18 1 1
github.ibm.com/open-razee/s3mem-go/s3mem/delete_object_request.go:31.2,38.59 4 1
github.ibm.com/open-razee/s3mem-go/s3mem/delete_object_request.go:28.18,30.3 1 0
github.ibm.com/open-razee/s3mem-go/s3mem/delete_object_request.go:41.37,42.63 1 1
github.ibm.com/open-razee/s3mem-go/s3mem/delete_object_request.go:46.2,46.103 1 1
github.ibm.com/open-razee/s3mem-go/s3mem/delete_object_request.go:50.2,51.16 2 1
github.ibm.com/open-razee/s3mem-go/s3mem/delete_object_request.go:55.2,59.65 4 1
github.ibm.com/open-razee/s3mem-go/s3mem/delete_object_request.go:42.63,45.3 2 0
github.ibm.com/open-razee/s3mem-go/s3mem/delete_object_request.go:46.103,49.3 2 0
github.ibm.com/open-razee/s3mem-go/s3mem/delete_object_request.go:51.16,54.3 2 0
github.ibm.com/open-razee/s3mem-go/s3mem/get_bucket_versioning_request.go:27.111,28.18 1 1
github.ibm.com/open-razee/s3mem-go/s3mem/get_bucket_versioning_request.go:31.2,38.66 4 1
github.ibm.com/open-razee/s3mem-go/s3mem/get_bucket_versioning_request.go:28.18,30.3 1 0
github.ibm.com/open-razee/s3mem-go/s3mem/get_bucket_versioning_request.go:41.44,42.70 1 1
github.ibm.com/open-razee/s3mem-go/s3mem/get_bucket_versioning_request.go:46.2,47.16 2 1
github.ibm.com/open-razee/s3mem-go/s3mem/get_bucket_versioning_request.go:51.2,51.23 1 1
github.ibm.com/open-razee/s3mem-go/s3mem/get_bucket_versioning_request.go:58.2,61.65 3 1
github.ibm.com/open-razee/s3mem-go/s3mem/get_bucket_versioning_request.go:42.70,45.3 2 0
github.ibm.com/open-razee/s3mem-go/s3mem/get_bucket_versioning_request.go:47.16,50.3 2 0
github.ibm.com/open-razee/s3mem-go/s3mem/get_bucket_versioning_request.go:52.27,53.81 1 1
github.ibm.com/open-razee/s3mem-go/s3mem/get_bucket_versioning_request.go:54.28,55.82 1 0
github.ibm.com/open-razee/s3mem-go/s3mem/get_bucket_versioning_request.go:56.10,56.10 0 0
github.ibm.com/open-razee/s3mem-go/s3mem/helper.go:28.14,30.2 1 0
github.ibm.com/open-razee/s3mem-go/s3mem/helper.go:33.43,34.49 1 1
github.ibm.com/open-razee/s3mem-go/s3mem/helper.go:37.2,37.45 1 1
github.ibm.com/open-razee/s3mem-go/s3mem/helper.go:34.49,36.3 1 1
github.ibm.com/open-razee/s3mem-go/s3mem/helper.go:41.41,44.2 2 1
github.ibm.com/open-razee/s3mem-go/s3mem/helper.go:47.41,49.2 1 1
github.ibm.com/open-razee/s3mem-go/s3mem/helper.go:52.33,59.2 3 1
github.ibm.com/open-razee/s3mem-go/s3mem/helper.go:62.35,64.2 1 1
github.ibm.com/open-razee/s3mem-go/s3mem/helper.go:67.54,70.2 2 1
github.ibm.com/open-razee/s3mem-go/s3mem/helper.go:74.91,75.49 1 1
github.ibm.com/open-razee/s3mem-go/s3mem/helper.go:78.2,78.63 1 1
github.ibm.com/open-razee/s3mem-go/s3mem/helper.go:83.2,85.16 3 1
github.ibm.com/open-razee/s3mem-go/s3mem/helper.go:88.2,97.80 3 1
github.ibm.com/open-razee/s3mem-go/s3mem/helper.go:106.2,107.29 2 1
github.ibm.com/open-razee/s3mem-go/s3mem/helper.go:75.49,77.3 1 0
github.ibm.com/open-razee/s3mem-go/s3mem/helper.go:78.63,82.3 1 1
github.ibm.com/open-razee/s3mem-go/s3mem/helper.go:85.16,87.3 1 0
github.ibm.com/open-razee/s3mem-go/s3mem/helper.go:97.80,99.3 1 1
github.ibm.com/open-razee/s3mem-go/s3mem/helper.go:99.8,100.77 1 1
github.ibm.com/open-razee/s3mem-go/s3mem/helper.go:100.77,102.4 1 1
github.ibm.com/open-razee/s3mem-go/s3mem/helper.go:102.9,104.4 1 0
github.ibm.com/open-razee/s3mem-go/s3mem/helper.go:112.137,113.49 1 1
github.ibm.com/open-razee/s3mem-go/s3mem/helper.go:116.2,116.63 1 1
github.ibm.com/open-razee/s3mem-go/s3mem/helper.go:119.2,120.11 2 1
github.ibm.com/open-razee/s3mem-go/s3mem/helper.go:151.2,151.84 1 0
github.ibm.com/open-razee/s3mem-go/s3mem/helper.go:113.49,115.3 1 0
github.ibm.com/open-razee/s3mem-go/s3mem/helper.go:116.63,118.3 1 1
github.ibm.com/open-razee/s3mem-go/s3mem/helper.go:120.11,122.81 2 1
github.ibm.com/open-razee/s3mem-go/s3mem/helper.go:146.3,146.34 1 1
github.ibm.com/open-razee/s3mem-go/s3mem/helper.go:149.3,149.9 1 1
github.ibm.com/open-razee/s3mem-go/s3mem/helper.go:122.81,123.25 1 1
github.ibm.com/open-razee/s3mem-go/s3mem/helper.go:123.25,125.19 2 1
github.ibm.com/open-razee/s3mem-go/s3mem/helper.go:128.5,128.23 1 1
github.ibm.com/open-razee/s3mem-go/s3mem/helper.go:131.5,133.21 3 1
github.ibm.com/open-razee/s3mem-go/s3mem/helper.go:125.19,127.6 1 0
github.ibm.com/open-razee/s3mem-go/s3mem/helper.go:128.23,130.6 1 0
github.ibm.com/open-razee/s3mem-go/s3mem/helper.go:134.10,139.5 4 1
github.ibm.com/open-razee/s3mem-go/s3mem/helper.go:140.9,145.4 4 1
github.ibm.com/open-razee/s3mem-go/s3mem/helper.go:146.34,148.4 1 1
github.ibm.com/open-razee/s3mem-go/s3mem/helper.go:155.151,156.49 1 1
github.ibm.com/open-razee/s3mem-go/s3mem/helper.go:159.2,159.63 1 1
github.ibm.com/open-razee/s3mem-go/s3mem/helper.go:162.2,163.11 2 1
github.ibm.com/open-razee/s3mem-go/s3mem/helper.go:200.2,200.76 1 1
github.ibm.com/open-razee/s3mem-go/s3mem/helper.go:203.2,203.55 1 1
github.ibm.com/open-razee/s3mem-go/s3mem/helper.go:156.49,158.3 1 0
github.ibm.com/open-razee/s3mem-go/s3mem/helper.go:159.63,161.3 1 0
github.ibm.com/open-razee/s3mem-go/s3mem/helper.go:163.11,165.81 2 1
github.ibm.com/open-razee/s3mem-go/s3mem/helper.go:165.81,167.25 2 1
github.ibm.com/open-razee/s3mem-go/s3mem/helper.go:195.4,195.35 1 1
github.ibm.com/open-razee/s3mem-go/s3mem/helper.go:167.25,170.19 2 1
github.ibm.com/open-razee/s3mem-go/s3mem/helper.go:173.5,173.25 1 1
github.ibm.com/open-razee/s3mem-go/s3mem/helper.go:170.19,172.6 1 0
github.ibm.com/open-razee/s3mem-go/s3mem/helper.go:173.25,175.6 1 1
github.ibm.com/open-razee/s3mem-go/s3mem/helper.go:175.11,177.6 1 0
github.ibm.com/open-razee/s3mem-go/s3mem/helper.go:178.10,194.5 8 1
github.ibm.com/open-razee/s3mem-go/s3mem/helper.go:196.9,198.4 1 1
github.ibm.com/open-razee/s3mem-go/s3mem/helper.go:200.76,202.3 1 1
github.ibm.com/open-razee/s3mem-go/s3mem/helper.go:207.114,211.2 3 1
github.ibm.com/open-razee/s3mem-go/s3mem/helper.go:214.81,215.49 1 1
github.ibm.com/open-razee/s3mem-go/s3mem/helper.go:218.2,218.97 1 1
github.ibm.com/open-razee/s3mem-go/s3mem/helper.go:215.49,217.3 1 0
github.ibm.com/open-razee/s3mem-go/s3mem/helper.go:221.51,222.49 1 0
github.ibm.com/open-razee/s3mem-go/s3mem/helper.go:225.2,229.12 2 0
github.ibm.com/open-razee/s3mem-go/s3mem/helper.go:222.49,224.3 1 0
github.ibm.com/open-razee/s3mem-go/s3mem/helper.go:232.57,233.24 1 0
github.ibm.com/open-razee/s3mem-go/s3mem/helper.go:240.2,240.52 1 0
github.ibm.com/open-razee/s3mem-go/s3mem/helper.go:243.2,243.64 1 0
github.ibm.com/open-razee/s3mem-go/s3mem/helper.go:233.24,235.17 2 0
github.ibm.com/open-razee/s3mem-go/s3mem/helper.go:238.3,238.19 1 0
github.ibm.com/open-razee/s3mem-go/s3mem/helper.go:235.17,237.4 1 0
github.ibm.com/open-razee/s3mem-go/s3mem/helper.go:240.52,242.3 1 0
github.ibm.com/open-razee/s3mem-go/s3mem/helper.go:246.54,248.37 2 0
github.ibm.com/open-razee/s3mem-go/s3mem/helper.go:254.2,254.17 1 0
github.ibm.com/open-razee/s3mem-go/s3mem/helper.go:257.2,257.18 1 0
github.ibm.com/open-razee/s3mem-go/s3mem/helper.go:248.37,249.24 1 0
github.ibm.com/open-razee/s3mem-go/s3mem/helper.go:249.24,251.9 2 0
github.ibm.com/open-razee/s3mem-go/s3mem/helper.go:254.17,256.3 1 0
github.ibm.com/open-razee/s3mem-go/s3mem/helper.go:260.67,262.19 2 1
github.ibm.com/open-razee/s3mem-go/s3mem/helper.go:265.2,265.32 1 1
github.ibm.com/open-razee/s3mem-go/s3mem/helper.go:262.19,264.3 1 0
github.ibm.com/open-razee/s3mem-go/s3mem/request.go:23.106,28.18 3 1
github.ibm.com/open-razee/s3mem-go/s3mem/request.go:32.2,43.33 3 1
github.ibm.com/open-razee/s3mem-go/s3mem/request.go:48.2,49.16 2 1
github.ibm.com/open-razee/s3mem-go/s3mem/request.go:66.2,91.10 4 1
github.ibm.com/open-razee/s3mem-go/s3mem/request.go:28.18,30.3 1 0
github.ibm.com/open-razee/s3mem-go/s3mem/request.go:43.33,45.3 1 1
github.ibm.com/open-razee/s3mem-go/s3mem/request.go:49.16,52.68 2 1
github.ibm.com/open-razee/s3mem-go/s3mem/request.go:55.3,55.38 1 1
github.ibm.com/open-razee/s3mem-go/s3mem/request.go:59.3,60.17 2 1
github.ibm.com/open-razee/s3mem-go/s3mem/request.go:52.68,54.4 1 0
github.ibm.com/open-razee/s3mem-go/s3mem/request.go:55.38,57.4 1 1
github.ibm.com/open-razee/s3mem-go/s3mem/request.go:60.17,63.4 2 0
github.ibm.com/open-razee/s3mem-go/s3mem/client.go:23.37,36.2 5 1
github.ibm.com/open-razee/s3mem-go/s3mem/client.go:40.37,41.46 1 1
github.ibm.com/open-razee/s3mem-go/s3mem/client.go:45.2,46.100 2 1
github.ibm.com/open-razee/s3mem-go/s3mem/client.go:41.46,43.3 1 0
github.ibm.com/open-razee/s3mem-go/s3mem/create_bucket_request.go:29.90,30.18 1 1
github.ibm.com/open-razee/s3mem-go/s3mem/create_bucket_request.go:33.2,42.59 4 1
github.ibm.com/open-razee/s3mem-go/s3mem/create_bucket_request.go:30.18,32.3 1 0
github.ibm.com/open-razee/s3mem-go/s3mem/create_bucket_request.go:45.37,46.62 1 1
github.ibm.com/open-razee/s3mem-go/s3mem/create_bucket_request.go:50.2,58.65 5 1
github.ibm.com/open-razee/s3mem-go/s3mem/create_bucket_request.go:46.62,49.3 2 1
github.ibm.com/open-razee/s3mem-go/s3mem/defaults.go:19.30,36.2 3 1
github.ibm.com/open-razee/s3mem-go/s3mem/delete_bucket_request.go:27.90,28.18 1 1
github.ibm.com/open-razee/s3mem-go/s3mem/delete_bucket_request.go:31.2,38.59 4 1
github.ibm.com/open-razee/s3mem-go/s3mem/delete_bucket_request.go:28.18,30.3 1 0
github.ibm.com/open-razee/s3mem-go/s3mem/delete_bucket_request.go:41.37,42.63 1 1
github.ibm.com/open-razee/s3mem-go/s3mem/delete_bucket_request.go:46.2,46.63 1 1
github.ibm.com/open-razee/s3mem-go/s3mem/delete_bucket_request.go:50.2,53.65 3 1
github.ibm.com/open-razee/s3mem-go/s3mem/delete_bucket_request.go:42.63,45.3 2 0
github.ibm.com/open-razee/s3mem-go/s3mem/delete_bucket_request.go:46.63,49.3 2 1
